<?xml version="1.0" encoding="UTF-8"?>
<!-- Generated by org.testng.reporters.JUnitReportReporter -->
<testsuite hostname="I823285-W10N" name="test.WalletHubSignUpTest" tests="1" failures="0" timestamp="8 Apr 2020 15:10:26 GMT" time="16.369" errors="0">
  <testcase name="register" time="16.369" classname="test.WalletHubSignUpTest"/>
</testsuite> <!-- test.WalletHubSignUpTest -->
