<?xml version="1.0" encoding="UTF-8"?>
<!-- Generated by org.testng.reporters.JUnitReportReporter -->
<testsuite hostname="I823285-W10N" name="test.FacebookLoginTest" tests="1" failures="0" timestamp="8 Apr 2020 09:30:07 GMT" time="64.629" errors="0">
  <testcase name="loginTest" time="64.629" classname="test.FacebookLoginTest"/>
</testsuite> <!-- test.FacebookLoginTest -->
